U:\Documents\Visual Studio 2010\Projects\simpleCompiler\Debug\simpleCompilier.exe
U:\Documents\Visual Studio 2010\Projects\simpleCompiler\Debug\simpleCompilier.ilk
U:\DOCUMENTS\VISUAL STUDIO 2010\PROJECTS\SIMPLECOMPILER\DEBUG\SIMPLECOMPILIER.PDB
U:\Documents\Visual Studio 2010\Projects\simpleCompiler\simpleCompilier\Debug\cl.command.1.tlog
U:\Documents\Visual Studio 2010\Projects\simpleCompiler\simpleCompilier\Debug\CL.read.1.tlog
U:\Documents\Visual Studio 2010\Projects\simpleCompiler\simpleCompilier\Debug\CL.write.1.tlog
U:\Documents\Visual Studio 2010\Projects\simpleCompiler\simpleCompilier\Debug\Instructions.obj
U:\Documents\Visual Studio 2010\Projects\simpleCompiler\simpleCompilier\Debug\link.command.1.tlog
U:\Documents\Visual Studio 2010\Projects\simpleCompiler\simpleCompilier\Debug\link.read.1.tlog
U:\Documents\Visual Studio 2010\Projects\simpleCompiler\simpleCompilier\Debug\link.write.1.tlog
U:\Documents\Visual Studio 2010\Projects\simpleCompiler\simpleCompilier\Debug\main.obj
U:\Documents\Visual Studio 2010\Projects\simpleCompiler\simpleCompilier\Debug\mt.command.1.tlog
U:\Documents\Visual Studio 2010\Projects\simpleCompiler\simpleCompilier\Debug\mt.read.1.tlog
U:\Documents\Visual Studio 2010\Projects\simpleCompiler\simpleCompilier\Debug\mt.write.1.tlog
U:\Documents\Visual Studio 2010\Projects\simpleCompiler\simpleCompilier\Debug\Node.obj
U:\Documents\Visual Studio 2010\Projects\simpleCompiler\simpleCompilier\Debug\Parser.obj
U:\Documents\Visual Studio 2010\Projects\simpleCompiler\simpleCompilier\Debug\Scanner.obj
U:\Documents\Visual Studio 2010\Projects\simpleCompiler\simpleCompilier\Debug\simpleCompilier.exe.intermediate.manifest
U:\Documents\Visual Studio 2010\Projects\simpleCompiler\simpleCompilier\Debug\simpleCompilier.write.1.tlog
U:\Documents\Visual Studio 2010\Projects\simpleCompiler\simpleCompilier\Debug\StateMachine.obj
U:\Documents\Visual Studio 2010\Projects\simpleCompiler\simpleCompilier\Debug\Symbol.obj
U:\Documents\Visual Studio 2010\Projects\simpleCompiler\simpleCompilier\Debug\Test.obj
U:\Documents\Visual Studio 2010\Projects\simpleCompiler\simpleCompilier\Debug\Token.obj
U:\Documents\Visual Studio 2010\Projects\simpleCompiler\simpleCompilier\Debug\vc100.idb
U:\DOCUMENTS\VISUAL STUDIO 2010\PROJECTS\SIMPLECOMPILER\SIMPLECOMPILIER\DEBUG\VC100.PDB
