Build started 3/30/2016 9:29:51 AM.
     1>Project "C:\Users\sara\Documents\Visual Studio 2010\Projects\simpleCompiler\simpleCompilier\simpleCompilier.vcxproj" on node 2 (build target(s)).
     1>InitializeBuildStatus:
         Creating "Debug\simpleCompilier.unsuccessfulbuild" because "AlwaysCreate" was specified.
       ClCompile:
         c:\Program Files (x86)\Microsoft Visual Studio 10.0\VC\bin\CL.exe /c /ZI /nologo /W3 /WX- /Od /Oy- /D _MBCS /Gm /EHsc /RTC1 /MDd /GS /fp:precise /Zc:wchar_t /Zc:forScope /Fo"Debug\\" /Fd"Debug\vc100.pdb" /Gd /TP /analyze- /errorReport:prompt Parser.cpp main.cpp
         main.cpp
         Parser.cpp
         Generating Code...
     1>c:\users\sara\documents\visual studio 2010\projects\simplecompiler\simplecompilier\parser.cpp(184): warning C4715: 'ParserClass::PlusMinus' : not all control paths return a value
     1>c:\users\sara\documents\visual studio 2010\projects\simplecompiler\simplecompilier\parser.cpp(227): warning C4715: 'ParserClass::Factor' : not all control paths return a value
       Link:
         c:\Program Files (x86)\Microsoft Visual Studio 10.0\VC\bin\link.exe /ERRORREPORT:PROMPT /OUT:"C:\Users\sara\Documents\Visual Studio 2010\Projects\simpleCompiler\Debug\simpleCompilier.exe" /NOLOGO kernel32.lib user32.lib gdi32.lib winspool.lib comdlg32.lib advapi32.lib shell32.lib ole32.lib oleaut32.lib uuid.lib odbc32.lib odbccp32.lib /MANIFEST /ManifestFile:"Debug\simpleCompilier.exe.intermediate.manifest" /MANIFESTUAC:"level='asInvoker' uiAccess='false'" /DEBUG /PDB:"C:\Users\sara\Documents\Visual Studio 2010\Projects\simpleCompiler\Debug\simpleCompilier.pdb" /TLBID:1 /DYNAMICBASE /NXCOMPAT /IMPLIB:"C:\Users\sara\Documents\Visual Studio 2010\Projects\simpleCompiler\Debug\simpleCompilier.lib" /MACHINE:X86 Debug\main.obj
         Debug\Node.obj
         Debug\Parser.obj
         Debug\Scanner.obj
         Debug\StateMachine.obj
         Debug\Symbol.obj
         Debug\Token.obj
         LINK : C:\Users\sara\Documents\Visual Studio 2010\Projects\simpleCompiler\Debug\simpleCompilier.exe not found or not built by the last incremental link; performing full link
         simpleCompilier.vcxproj -> C:\Users\sara\Documents\Visual Studio 2010\Projects\simpleCompiler\Debug\simpleCompilier.exe
       Manifest:
         C:\Program Files (x86)\Microsoft SDKs\Windows\v7.0A\bin\mt.exe /nologo /verbose /outputresource:"C:\Users\sara\Documents\Visual Studio 2010\Projects\simpleCompiler\Debug\simpleCompilier.exe;#1" /manifest Debug\simpleCompilier.exe.intermediate.manifest
       FinalizeBuildStatus:
         Deleting file "Debug\simpleCompilier.unsuccessfulbuild".
         Touching "Debug\simpleCompilier.lastbuildstate".
     1>Done Building Project "C:\Users\sara\Documents\Visual Studio 2010\Projects\simpleCompiler\simpleCompilier\simpleCompilier.vcxproj" (build target(s)).

Build succeeded.

Time Elapsed 00:00:00.92
